poetry run pytest 
============================= test session starts ==============================
platform darwin -- Python 3.11.0, pytest-7.2.2, pluggy-1.0.0
rootdir: /Users/kueda/Development/base-project/pythonbase
collected 2 items

tests/test_sample.py .F                                                  [100%]

=================================== FAILURES ===================================
________________________________ test_意図的に失敗する _________________________________

    def test_意図的に失敗する():
>       assert False
E       assert False

tests/test_sample.py:16: AssertionError
=========================== short test summary info ============================
FAILED tests/test_sample.py::test_意図的に失敗する - assert False
========================= 1 failed, 1 passed in 0.02s ==========================
